<?xml version="1.0" encoding="UTF-8"?>
<testng-results ignored="0" total="1" passed="1" failed="0" skipped="0">
  <reporter-output>
  </reporter-output>
  <suite started-at="2024-12-31T10:27:24 PST" name="Default suite" finished-at="2024-12-31T10:27:41 PST" duration-ms="16713">
    <groups>
    </groups>
    <test started-at="2024-12-31T10:27:24 PST" name="Default test" finished-at="2024-12-31T10:27:41 PST" duration-ms="16713">
      <class name="appiumproject.Appium.AppiumBasics">
        <test-method signature="AppiumTest()[pri:0, instance:appiumproject.Appium.AppiumBasics@399f45b1]" started-at="2024-12-31T10:27:24 PST" name="AppiumTest" finished-at="2024-12-31T10:27:41 PST" duration-ms="16665" status="PASS">
          <reporter-output>
          </reporter-output>
        </test-method> <!-- AppiumTest -->
      </class> <!-- appiumproject.Appium.AppiumBasics -->
    </test> <!-- Default test -->
  </suite> <!-- Default suite -->
</testng-results>
