<?xml version="1.0" encoding="UTF-8"?>
<testng-results ignored="0" total="1" passed="1" failed="0" skipped="0">
  <reporter-output>
  </reporter-output>
  <suite started-at="2025-01-21T21:06:55 PST" name="Default suite" finished-at="2025-01-21T21:07:24 PST" duration-ms="28867">
    <groups>
    </groups>
    <test started-at="2025-01-21T21:06:55 PST" name="Default test" finished-at="2025-01-21T21:07:24 PST" duration-ms="28867">
      <class name="appiumproject.Appium.LongPress">
        <test-method is-config="true" signature="ConfigureAppium()[pri:0, instance:appiumproject.Appium.LongPress@7cc0cdad]" started-at="2025-01-21T21:06:55 PST" name="ConfigureAppium" finished-at="2025-01-21T21:07:10 PST" duration-ms="14416" status="PASS">
          <reporter-output>
          </reporter-output>
        </test-method> <!-- ConfigureAppium -->
        <test-method signature="LongPressGestures()[pri:0, instance:appiumproject.Appium.LongPress@7cc0cdad]" started-at="2025-01-21T21:07:10 PST" name="LongPressGestures" finished-at="2025-01-21T21:07:23 PST" duration-ms="13023" status="PASS">
          <reporter-output>
          </reporter-output>
        </test-method> <!-- LongPressGestures -->
        <test-method is-config="true" signature="tearDown()[pri:0, instance:appiumproject.Appium.LongPress@7cc0cdad]" started-at="2025-01-21T21:07:23 PST" name="tearDown" finished-at="2025-01-21T21:07:24 PST" duration-ms="1382" status="PASS">
          <reporter-output>
          </reporter-output>
        </test-method> <!-- tearDown -->
      </class> <!-- appiumproject.Appium.LongPress -->
    </test> <!-- Default test -->
  </suite> <!-- Default suite -->
</testng-results>
